{
  "RSpec": {
    "coverage": {
      "/Users/rebeccamulugeta/Projects/bookmark_manager-2/spec/bookmark_spec.rb": [
        1,
        null,
        1,
        null,
        1,
        1,
        0,
        0,
        null,
        0,
        0,
        0,
        null,
        0,
        0,
        0,
        0,
        null,
        null,
        null
      ],
      "/Users/rebeccamulugeta/Projects/bookmark_manager-2/spec/features/index_spec.rb": [
        1,
        1,
        0,
        0,
        null,
        null
      ],
      "/Users/rebeccamulugeta/Projects/bookmark_manager-2/spec/features/viewing_bookmarks_spec.rb": [
        1,
        null,
        1,
        0,
        0,
        null,
        null,
        1,
        0,
        null,
        0,
        0,
        0,
        null,
        null,
        0,
        0,
        0,
        0,
        null,
        null,
        null,
        null,
        null,
        null,
        null,
        null,
        null,
        null,
        null,
        null,
        null,
        null,
        null,
        null,
        null
      ]
    },
    "timestamp": 1540425003
  }
}
